(---------------------------------------------------------------------)
(                                                                     )
(    Allegro Netrev Import Logic                                      )
(                                                                     )
(    Drawing          : Kati.brd                                      )
(    Software Version : 16.6S026                                      )
(    Date/Time        : Thu Oct 08 21:22:40 2015                      )
(                                                                     )
(---------------------------------------------------------------------)


------ Directives ------------

Ripup etch:                  No
Ripup delete first segment:  No
Ripup retain bondwire:       No
Ripup symbols:               Always
Missing symbol has error:    No
DRC update:                  Yes
Schematic directory:         'D:\DOKUMENTY\BUK\KATI\BOARD'
Design Directory:            'D:/Dokumenty/buk/kati/board'
Old design name:             'D:/Dokumenty/buk/kati/board/Kati.brd'
New design name:             'D:/Dokumenty/buk/kati/board/Kati.brd'

CmdLine: netrev.exe -y 1 -i D:\DOKUMENTY\BUK\KATI\BOARD D:\Dokumenty\buk\kati\board\Kati.brd D:\Dokumenty\buk\kati\board\Kati.brd

------ Preparing to read pst files ------

Starting to read D:/DOKUMENTY/BUK/KATI/BOARD/pstchip.dat 
   Finished reading D:/DOKUMENTY/BUK/KATI/BOARD/pstchip.dat (00:00:00.03)
Starting to read D:/DOKUMENTY/BUK/KATI/BOARD/pstxprt.dat 
   Finished reading D:/DOKUMENTY/BUK/KATI/BOARD/pstxprt.dat (00:00:00.00)
Starting to read D:/DOKUMENTY/BUK/KATI/BOARD/pstxnet.dat 
   Finished reading D:/DOKUMENTY/BUK/KATI/BOARD/pstxnet.dat (00:00:00.00)

------ Oversights/Warnings/Errors ------


------ Library Paths ------
MODULEPATH =  . 
           C:/Program Files (x86)/OrCAD/share/local/pcb/modules 

PSMPATH =  . 
           symbols 
           .. 
           ../symbols 
           C:/Program Files (x86)/OrCAD/share/local/pcb/symbols 
           C:/Program Files (x86)/OrCAD/share/pcb/pcb_lib/symbols 
           C:/Program Files (x86)/OrCAD/share/pcb/allegrolib/symbols 

PADPATH =  . 
           symbols 
           .. 
           ../symbols 
           C:/Program Files (x86)/OrCAD/share/local/pcb/padstacks 
           C:/Program Files (x86)/OrCAD/share/pcb/pcb_lib/symbols 
           C:/Program Files (x86)/OrCAD/share/pcb/allegrolib/symbols 


------ Summary Statistics ------


netrev run on Oct 8 21:22:40 2015
   DESIGN NAME : 'KATI'
   PACKAGING ON Jan 13 2014 18:46:08

   COMPILE 'logic'
   CHECK_PIN_NAMES OFF
   CROSS_REFERENCE OFF
   FEEDBACK OFF
   INCREMENTAL OFF
   INTERFACE_TYPE PHYSICAL
   MAX_ERRORS 500
   MERGE_MINIMUM 5
   NET_NAME_CHARS '#%&()*+-./:=>?@[]^_`|'
   NET_NAME_LENGTH 24
   OVERSIGHTS ON
   REPLACE_CHECK OFF
   SINGLE_NODE_NETS ON
   SPLIT_MINIMUM 0
   SUPPRESS   20
   WARNINGS ON

 No error detected
 No oversight detected
 No warning detected

cpu time      0:00:34
elapsed time  0:00:00

